<?xml version="1.0" encoding="UTF-8"?>
<!-- Generated by org.testng.reporters.JUnitXMLReporter -->
<testsuite ignored="0" hostname="DESKTOP-Q6T8I2O" failures="1" tests="1" name="Test" time="3.522" errors="0" timestamp="2020-07-12T13:10:08 IST">
  <testcase classname="io.cucumber.testng.AbstractTestNGCucumberTests" name="runScenario" time="1.987">
    <failure type="java.lang.NullPointerException">
      <![CDATA[java.lang.NullPointerException
at org.openqa.selenium.support.pagefactory.DefaultElementLocator.findElement(DefaultElementLocator.java:69)
at org.openqa.selenium.support.pagefactory.internal.LocatingElementHandler.invoke(LocatingElementHandler.java:38)
at com.sun.proxy.$Proxy40.click(Unknown Source)
at com.pagefactory.Flights_Home.Way(Flights_Home.java:113)
at Steps.FlightTrip.type_of_trip_to_be_selected(FlightTrip.java:41)
at ✽.Type of trip to be selected(file:///C:/Users/Admin/eclipse-workspace/cucumber/src/test/java/Feature/FlightTrip.feature:6)
]]>
    </failure>
  </testcase> <!-- runScenario -->
</testsuite> <!-- Test -->
