<?xml version="1.0" encoding="UTF-8"?>
<testsuite xmlns:xsi="http://www.w3.org/2001/XMLSchema-instance" xsi:noNamespaceSchemaLocation="https://maven.apache.org/surefire/maven-surefire-plugin/xsd/surefire-test-report-3.0.xsd" version="3.0" name="TestSuite" time="55.223" tests="1" errors="0" skipped="0" failures="0">
  <properties>
[...]
</properties>
  <testcase name="runScenario[&quot;Search Round Trip&quot;, &quot;Search Flight for Trip&quot;](1)" classname="Options.TestRunner2" time="47.226">
    <system-out><![CDATA[...
... TestNG 7.0.1 by CÃ©dric Beust (cedric@beust.com)
...

On start
On test start
[INFO ] 2020-07-12 18:49:53.846 [main] NGTestListener - doe

@Smoke
Scenario: Search Round Trip           # src/test/java/Feature/FlightTrip.feature:5
[INFO ] 2020-07-12 18:50:10.025 [main] DetailsComparsion - WebScrapping starts
  Given Type of trip to be selected   # Steps.FlightTrip.type_of_trip_to_be_selected()
[INFO ] 2020-07-12 18:50:10.313 [main] FlightTrip - step ends
[INFO ] 2020-07-12 18:50:10.313 [main] DetailsComparsion - WebScrapping starts
  Then City to be Selected            # Steps.FlightTrip.city_to_be_selected()
[INFO ] 2020-07-12 18:50:19.899 [main] FlightTrip - step ends
[INFO ] 2020-07-12 18:50:19.899 [main] DetailsComparsion - WebScrapping starts
  When Verify the date block          # Steps.FlightTrip.verify_the_date_block()
[INFO ] 2020-07-12 18:50:20.111 [main] FlightTrip - step ends
[INFO ] 2020-07-12 18:50:20.111 [main] DetailsComparsion - WebScrapping starts
  And Date to be selected             # Steps.FlightTrip.date_to_be_selected()
[INFO ] 2020-07-12 18:50:28.353 [main] FlightTrip - step ends
[INFO ] 2020-07-12 18:50:28.353 [main] DetailsComparsion - WebScrapping starts
  And Number of adults to be selected # Steps.FlightTrip.number_of_adults_to_be_selected()
[INFO ] 2020-07-12 18:50:28.893 [main] FlightTrip - step ends
[INFO ] 2020-07-12 18:50:28.894 [main] DetailsComparsion - WebScrapping starts
  And Select Currency                 # Steps.FlightTrip.select_currency()
[INFO ] 2020-07-12 18:50:28.984 [main] FlightTrip - step ends
[INFO ] 2020-07-12 18:50:28.985 [main] DetailsComparsion - WebScrapping starts
  And Search for the flight           # Steps.FlightTrip.search_for_the_flight()
[INFO ] 2020-07-12 18:50:30.606 [main] FlightTrip - step ends
[INFO ] 2020-07-12 18:50:30.606 [main] DetailsComparsion - WebScrapping starts
  Then Verify the data                # Steps.FlightTrip.verify_the_data()
[INFO ] 2020-07-12 18:50:39.401 [main] FlightTrip - step ends
]]></system-out>
    <system-err><![CDATA[Jul 12, 2020 6:49:53 PM io.cucumber.testng.TestNGCucumberRunner <init>
WARNING: By default Cucumber is running in --non-strict mode.
This default will change to --strict and --non-strict will be removed.
You can use --strict or @CucumberOptions(strict = true) to suppress this warning
Starting ChromeDriver 83.0.4103.39 (ccbf011cb2d2b19b506d844400483861342c20cd-refs/branch-heads/4103@{#416}) on port 44397
Only local connections are allowed.
Please see https://chromedriver.chromium.org/security-considerations for suggestions on keeping ChromeDriver safe.
ChromeDriver was started successfully.
Jul 12, 2020 6:50:00 PM org.openqa.selenium.remote.ProtocolHandshake createSession
INFO: Detected dialect: W3C
]]></system-err>
  </testcase>
</testsuite>