<?xml version="1.0" encoding="UTF-8"?>
<testng-results ignored="0" total="1" passed="1" failed="0" skipped="0">
  <reporter-output>
  </reporter-output>
  <suite started-at="2020-07-13T17:58:01 IST" name="Suite" finished-at="2020-07-13T17:58:46 IST" duration-ms="45518">
    <groups>
      <group name="cucumber">
        <method signature="AbstractTestNGCucumberTests.runScenario(io.cucumber.testng.PickleWrapper, io.cucumber.testng.FeatureWrapper)[pri:0, instance:Options.TestRunner2@63fdab07]" name="runScenario" class="io.cucumber.testng.AbstractTestNGCucumberTests"/>
      </group> <!-- cucumber -->
    </groups>
    <test started-at="2020-07-13T17:58:01 IST" name="Complete test run" finished-at="2020-07-13T17:58:46 IST" duration-ms="45518">
      <class name="Options.TestRunner2">
        <test-method is-config="true" signature="setUpClass()[pri:0, instance:Options.TestRunner2@63fdab07]" started-at="2020-07-13T17:58:02 IST" name="setUpClass" finished-at="2020-07-13T17:58:03 IST" duration-ms="751" status="PASS">
          <reporter-output>
          </reporter-output>
        </test-method> <!-- setUpClass -->
        <test-method signature="runScenario(io.cucumber.testng.PickleWrapper, io.cucumber.testng.FeatureWrapper)[pri:0, instance:Options.TestRunner2@63fdab07]" started-at="2020-07-13T17:58:03 IST" name="runScenario" description="Runs Cucumber Scenarios" data-provider="scenarios" finished-at="2020-07-13T17:58:46 IST" duration-ms="43388" status="PASS">
          <params>
            <param index="0">
              <value>
                <![CDATA["Search Round Trip"]]>
              </value>
            </param>
            <param index="1">
              <value>
                <![CDATA["Search Flight for Trip"]]>
              </value>
            </param>
          </params>
          <reporter-output>
          </reporter-output>
        </test-method> <!-- runScenario -->
        <test-method is-config="true" signature="tearDownClass()[pri:0, instance:Options.TestRunner2@63fdab07]" started-at="2020-07-13T17:58:46 IST" name="tearDownClass" finished-at="2020-07-13T17:58:46 IST" duration-ms="246" status="PASS">
          <reporter-output>
          </reporter-output>
        </test-method> <!-- tearDownClass -->
      </class> <!-- Options.TestRunner2 -->
    </test> <!-- Complete test run -->
  </suite> <!-- Suite -->
</testng-results>
